# JRE version: Java(TM) SE Runtime Environment (17.0.8+9) (build 17.0.8+9-LTS-211)
# Java VM: Java HotSpot(TM) 64-Bit Server VM (17.0.8+9-LTS-211, mixed mode, emulated-client, sharing, tiered, compressed oops, compressed class ptrs, g1 gc, windows-amd64)
GC Precious Log:
 CPUs: 8 total, 8 available
 Memory: 7886M
 Large Page Support: Disabled
 NUMA Support: Disabled
 Compressed Oops: Enabled (32-bit)
 Heap Region Size: 1M
 Heap Min Capacity: 8M
 Heap Initial Capacity: 124M
 Heap Max Capacity: 1972M
 Pre-touch: Disabled
 Parallel Workers: 8
 Concurrent Workers: 2
 Concurrent Refinement Workers: 8
 Periodic GC: Disabled
Heap:
 garbage-first heap   total 65536K, used 39113K [0x0000000084c00000, 0x0000000100000000)
  region size 1024K, 21 young (21504K), 4 survivors (4096K)
 Metaspace       used 30696K, committed 31104K, reserved 1114112K
  class space    used 4217K, committed 4416K, reserved 1048576K
GC Heap History (12 events):
Event: 1.218 GC heap before
{Heap before GC invocations=0 (full 0):
 garbage-first heap   total 126976K, used 23552K [0x0000000084c00000, 0x0000000100000000)
  region size 1024K, 23 young (23552K), 0 survivors (0K)
 Metaspace       used 6667K, committed 6848K, reserved 1114112K
  class space    used 826K, committed 896K, reserved 1048576K
}
Event: 1.257 GC heap after
{Heap after GC invocations=1 (full 0):
 garbage-first heap   total 126976K, used 8094K [0x0000000084c00000, 0x0000000100000000)
  region size 1024K, 3 young (3072K), 3 survivors (3072K)
 Metaspace       used 6667K, committed 6848K, reserved 1114112K
  class space    used 826K, committed 896K, reserved 1048576K
}
Event: 2.552 GC heap before
{Heap before GC invocations=1 (full 0):
 garbage-first heap   total 126976K, used 33694K [0x0000000084c00000, 0x0000000100000000)
  region size 1024K, 29 young (29696K), 3 survivors (3072K)
 Metaspace       used 12140K, committed 12480K, reserved 1114112K
  class space    used 1620K, committed 1792K, reserved 1048576K
}
Event: 2.558 GC heap after
{Heap after GC invocations=2 (full 0):
 garbage-first heap   total 126976K, used 10925K [0x0000000084c00000, 0x0000000100000000)
  region size 1024K, 3 young (3072K), 3 survivors (3072K)
 Metaspace       used 12140K, committed 12480K, reserved 1114112K
  class space    used 1620K, committed 1792K, reserved 1048576K
}
Event: 3.699 GC heap before
{Heap before GC invocations=2 (full 0):
 garbage-first heap   total 126976K, used 69293K [0x0000000084c00000, 0x0000000100000000)
  region size 1024K, 62 young (63488K), 3 survivors (3072K)
 Metaspace       used 21180K, committed 21504K, reserved 1114112K
  class space    used 2780K, committed 2944K, reserved 1048576K
}
Event: 3.707 GC heap after
{Heap after GC invocations=3 (full 0):
 garbage-first heap   total 126976K, used 17167K [0x0000000084c00000, 0x0000000100000000)
  region size 1024K, 9 young (9216K), 9 survivors (9216K)
 Metaspace       used 21180K, committed 21504K, reserved 1114112K
  class space    used 2780K, committed 2944K, reserved 1048576K
}
Event: 4.710 GC heap before
{Heap before GC invocations=4 (full 0):
 garbage-first heap   total 65536K, used 46863K [0x0000000084c00000, 0x0000000100000000)
  region size 1024K, 38 young (38912K), 9 survivors (9216K)
 Metaspace       used 23668K, committed 24000K, reserved 1114112K
  class space    used 3162K, committed 3328K, reserved 1048576K
}
Event: 4.717 GC heap after
{Heap after GC invocations=5 (full 0):
 garbage-first heap   total 65536K, used 19491K [0x0000000084c00000, 0x0000000100000000)
  region size 1024K, 3 young (3072K), 3 survivors (3072K)
 Metaspace       used 23668K, committed 24000K, reserved 1114112K
  class space    used 3162K, committed 3328K, reserved 1048576K
}
Event: 5.557 GC heap before
{Heap before GC invocations=5 (full 0):
 garbage-first heap   total 65536K, used 45091K [0x0000000084c00000, 0x0000000100000000)
  region size 1024K, 28 young (28672K), 3 survivors (3072K)
 Metaspace       used 25491K, committed 25856K, reserved 1114112K
  class space    used 3432K, committed 3584K, reserved 1048576K
}
Event: 5.561 GC heap after
{Heap after GC invocations=6 (full 0):
 garbage-first heap   total 65536K, used 20386K [0x0000000084c00000, 0x0000000100000000)
  region size 1024K, 4 young (4096K), 4 survivors (4096K)
 Metaspace       used 25491K, committed 25856K, reserved 1114112K
  class space    used 3432K, committed 3584K, reserved 1048576K
}
Event: 5.965 GC heap before
{Heap before GC invocations=6 (full 0):
 garbage-first heap   total 65536K, used 45986K [0x0000000084c00000, 0x0000000100000000)
  region size 1024K, 29 young (29696K), 4 survivors (4096K)
 Metaspace       used 28679K, committed 29184K, reserved 1114112K
  class space    used 3944K, committed 4160K, reserved 1048576K
}
Event: 5.971 GC heap after
{Heap after GC invocations=7 (full 0):
 garbage-first heap   total 65536K, used 22729K [0x0000000084c00000, 0x0000000100000000)
  region size 1024K, 4 young (4096K), 4 survivors (4096K)
 Metaspace       used 28679K, committed 29184K, reserved 1114112K
  class space    used 3944K, committed 4160K, reserved 1048576K
}

